[debug] [2019-05-07T19:04:10.427Z] ----------------------------------------------------------------------
[debug] [2019-05-07T19:04:10.429Z] Command:       /usr/local/bin/node /usr/local/bin/firebase serve
[debug] [2019-05-07T19:04:10.430Z] CLI Version:   6.9.0
[debug] [2019-05-07T19:04:10.430Z] Platform:      darwin
[debug] [2019-05-07T19:04:10.430Z] Node Version:  v11.6.0
[debug] [2019-05-07T19:04:10.431Z] Time:          Tue May 07 2019 12:04:10 GMT-0700 (Pacific Daylight Time)
[debug] [2019-05-07T19:04:10.431Z] ----------------------------------------------------------------------
[debug] 
[debug] [2019-05-07T19:04:10.449Z] > command requires scopes: ["email","openid","https://www.googleapis.com/auth/cloudplatformprojects.readonly","https://www.googleapis.com/auth/firebase","https://www.googleapis.com/auth/cloud-platform"]
[debug] [2019-05-07T19:04:10.450Z] > authorizing via signed-in user
[debug] [2019-05-07T19:04:10.450Z] [iam] checking project ride-f1e96 for permissions ["firebase.projects.get"]
[debug] [2019-05-07T19:04:10.452Z] >>> HTTP REQUEST POST https://cloudresourcemanager.googleapis.com/v1/projects/ride-f1e96:testIamPermissions  

[debug] [2019-05-07T19:04:10.931Z] <<< HTTP RESPONSE 200
[debug] [2019-05-07T19:04:10.933Z] >>> HTTP REQUEST GET https://cloudresourcemanager.googleapis.com/v1/projects/ride-f1e96  
 
[debug] [2019-05-07T19:04:11.335Z] <<< HTTP RESPONSE 200
[info] 
[info] === Serving from '/Users/hyt/UCSD/19SP/CSE 110/ride'...
[info] 
[debug] [2019-05-07T19:04:11.337Z] >>> HTTP REQUEST GET https://mobilesdk-pa.googleapis.com/v1/projects/499959516483/clients/_:getWebAppConfig  
 
[debug] [2019-05-07T19:04:11.520Z] <<< HTTP RESPONSE 200
[info] i  hosting: Serving hosting files from: public
[info] ✔  hosting: Local server: http://localhost:5000
